# configure exec: ./configure --prefix=/Users/denizhantoprak/Desktop/Nodejs-Kafka-Producer_Consumer/node_modules/node-rdkafka/build/deps --libdir=/Users/denizhantoprak/Desktop/Nodejs-Kafka-Producer_Consumer/node_modules/node-rdkafka/build/deps --prefix=/Users/denizhantoprak/Desktop/Nodejs-Kafka-Producer_Consumer/node_modules/node-rdkafka/build/deps --libdir=/Users/denizhantoprak/Desktop/Nodejs-Kafka-Producer_Consumer/node_modules/node-rdkafka/build/deps
# On Thu Jun  2 22:21:25 +03 2022
DBG 22107: Setting distro (distro) status to ok (action ignore)
DBG 22107: ccenv: WITH_CC:  --version failed: mklove/modules/configure.base: line 1798: --version: command not found
DBG 22107: Setting ccenv (ccenv) status to failed (action cont)
DBG 22107: Check ccenv (WITH_CC, action cont (originally cont)) failed: command ' --version' failed:
mklove/modules/configure.base: line 1798: --version: command not found
DBG 22107: Setting gcc (gcc) status to ok (action cont)
DBG 22107: cxxenv: WITH_CXX:  --version failed: mklove/modules/configure.base: line 1798: --version: command not found
DBG 22107: Setting cxxenv (cxxenv) status to failed (action cont)
DBG 22107: Check cxxenv (WITH_CXX, action cont (originally cont)) failed: command ' --version' failed:
mklove/modules/configure.base: line 1798: --version: command not found
DBG 22107: Setting gxx (gxx) status to ok (action cont)
DBG 22107: Setting ld (ld) status to ok (action disable)
DBG 22107: Setting nm (nm) status to ok (action disable)
DBG 22107: Setting objdump (objdump) status to ok (action disable)
DBG 22107: Setting strip (strip) status to ok (action disable)
DBG 22107: Setting libtool (libtool) status to ok (action disable)
DBG 22107: Setting ranlib (ranlib) status to ok (action disable)
DBG 22107: Compile check cc_g_dwarf () (sub=0): gcc   -Wall -Werror _mkltmpuxHN8c.c -o _mkltmpuxHN8c.c.o  -L/Users/denizhantoprak/Desktop/Nodejs-Kafka-Producer_Consumer/node_modules/node-rdkafka/build/deps -gstrict-dwarf
DBG 22107: Setting cc_g_dwarf (cc_g_dwarf) status to ok (action cont)
DBG 22107: pkgconfig: WITH_PKGCONFIG: pkg-config --version failed: mklove/modules/configure.base: line 1798: pkg-config: command not found
DBG 22107: Setting pkgconfig (pkgconfig) status to failed (action cont)
DBG 22107: Check pkgconfig (WITH_PKGCONFIG, action cont (originally cont)) failed: command 'pkg-config --version' failed:
mklove/modules/configure.base: line 1798: pkg-config: command not found
DBG 22107: install: WITH_INSTALL: install --version failed: install: illegal option -- -
usage: install [-bCcpSsv] [-B suffix] [-f flags] [-g group] [-m mode]
               [-o owner] file1 file2
       install [-bCcpSsv] [-B suffix] [-f flags] [-g group] [-m mode]
               [-o owner] file1 ... fileN directory
       install -d [-v] [-g group] [-m mode] [-o owner] directory ...
DBG 22107: Setting install (install) status to failed (action cont)
DBG 22107: Check install (WITH_INSTALL, action cont (originally cont)) failed: command 'install --version' failed:
install: illegal option -- -
usage: install [-bCcpSsv] [-B suffix] [-f flags] [-g group] [-m mode]
               [-o owner] file1 file2
       install [-bCcpSsv] [-B suffix] [-f flags] [-g group] [-m mode]
               [-o owner] file1 ... fileN directory
       install -d [-v] [-g group] [-m mode] [-o owner] directory ...
DBG 22107: gnuar: HAS_GNU_AR: ar -V 2>/dev/null | grep -q GNU failed: ar: one of options -dmpqrtsx is required
usage:  ar -d [-TLsv] archive file ...
	ar -m [-TLsv] archive file ...
	ar -m [-abiTLsv] position archive file ...
	ar -p [-TLsv] archive [file ...]
	ar -q [-cTLsv] archive file ...
	ar -r [-cuTLsv] archive file ...
	ar -r [-abciuTLsv] position archive file ...
	ar -t [-TLsv] archive [file ...]
	ar -x [-ouTLsv] archive [file ...]
DBG 22107: Setting gnuar (gnuar) status to failed (action disable)
DBG 22107: Check gnuar (HAS_GNU_AR, action disable (originally disable)) failed: command 'ar -V 2>/dev/null | grep -q GNU' failed:
ar: one of options -dmpqrtsx is required
usage:  ar -d [-TLsv] archive file ...
	ar -m [-TLsv] archive file ...
	ar -m [-abiTLsv] position archive file ...
	ar -p [-TLsv] archive [file ...]
	ar -q [-cTLsv] archive file ...
	ar -r [-cuTLsv] archive file ...
	ar -r [-abciuTLsv] position archive file ...
	ar -t [-TLsv] archive [file ...]
	ar -x [-ouTLsv] archive [file ...]
DBG 22107: Compile check PIC (HAVE_PIC) (sub=0): gcc  -gstrict-dwarf -O2 -Wall -Werror _mkltmppjnfYC.c -o _mkltmppjnfYC.c.o  -L/Users/denizhantoprak/Desktop/Nodejs-Kafka-Producer_Consumer/node_modules/node-rdkafka/build/deps -fPIC
DBG 22107: Setting PIC (PIC) status to ok (action disable)
DBG 22107: Compile check gnulib (WITH_GNULD) (sub=0): gcc  -gstrict-dwarf -O2 -fPIC -Wall -Werror _mkltmpS18WGz.c -o _mkltmpS18WGz.c.o  -L/Users/denizhantoprak/Desktop/Nodejs-Kafka-Producer_Consumer/node_modules/node-rdkafka/build/deps -shared -Wl,-soname,mkltest.0
DBG 22107: compile check for gnulib (WITH_GNULD) failed: gcc  -gstrict-dwarf -O2 -fPIC -Wall -Werror _mkltmpS18WGz.c -o _mkltmpS18WGz.c.o  -L/Users/denizhantoprak/Desktop/Nodejs-Kafka-Producer_Consumer/node_modules/node-rdkafka/build/deps -shared -Wl,-soname,mkltest.0: ld: unknown option: -soname
clang: error: linker command failed with exit code 1 (use -v to see invocation)
DBG 22107: Setting gnulib (gnulib) status to failed (action cont)
DBG 22107: Check gnulib (WITH_GNULD, action cont (originally cont)) failed: compile check failed:
CC: CC
flags: -shared -Wl,-soname,mkltest.0
gcc  -gstrict-dwarf -O2 -fPIC -Wall -Werror _mkltmpS18WGz.c -o _mkltmpS18WGz.c.o  -L/Users/denizhantoprak/Desktop/Nodejs-Kafka-Producer_Consumer/node_modules/node-rdkafka/build/deps -shared -Wl,-soname,mkltest.0:
ld: unknown option: -soname
clang: error: linker command failed with exit code 1 (use -v to see invocation)
source: 
DBG 22107: Compile check osxlib (WITH_OSXLD) (sub=0): gcc  -gstrict-dwarf -O2 -fPIC -Wall -Werror _mkltmpoiCmDa.c -o _mkltmpoiCmDa.c.o  -L/Users/denizhantoprak/Desktop/Nodejs-Kafka-Producer_Consumer/node_modules/node-rdkafka/build/deps -dynamiclib -Wl,-install_name,/tmp/mkltest.so.0
DBG 22107: Setting osxlib (osxlib) status to ok (action cont)
DBG 22107: Compile check ldsflagvs () (sub=0): gcc  -gstrict-dwarf -O2 -fPIC -Wall -Werror _mkltmpImBU0U.c -o _mkltmpImBU0U.c.o  -L/Users/denizhantoprak/Desktop/Nodejs-Kafka-Producer_Consumer/node_modules/node-rdkafka/build/deps -shared -Wl,--version-script=_mkltmpnCx6l2
DBG 22107: compile check for ldsflagvs () failed: gcc  -gstrict-dwarf -O2 -fPIC -Wall -Werror _mkltmpImBU0U.c -o _mkltmpImBU0U.c.o  -L/Users/denizhantoprak/Desktop/Nodejs-Kafka-Producer_Consumer/node_modules/node-rdkafka/build/deps -shared -Wl,--version-script=_mkltmpnCx6l2: ld: unknown option: --version-script=_mkltmpnCx6l2
clang: error: linker command failed with exit code 1 (use -v to see invocation)
DBG 22107: Setting ldsflagvs (ldsflagvs) status to failed (action cont)
DBG 22107: Check ldsflagvs (, action cont (originally cont)) failed: compile check failed:
CC: CC
flags: -shared -Wl,--version-script=_mkltmpnCx6l2
gcc  -gstrict-dwarf -O2 -fPIC -Wall -Werror _mkltmpImBU0U.c -o _mkltmpImBU0U.c.o  -L/Users/denizhantoprak/Desktop/Nodejs-Kafka-Producer_Consumer/node_modules/node-rdkafka/build/deps -shared -Wl,--version-script=_mkltmpnCx6l2:
ld: unknown option: --version-script=_mkltmpnCx6l2
clang: error: linker command failed with exit code 1 (use -v to see invocation)
source: 
DBG 22107: Compile check ldsflagm () (sub=0): gcc  -gstrict-dwarf -O2 -fPIC -Wall -Werror _mkltmpmSu9uc.c -o _mkltmpmSu9uc.c.o  -L/Users/denizhantoprak/Desktop/Nodejs-Kafka-Producer_Consumer/node_modules/node-rdkafka/build/deps -shared -Wl,-M_mkltmpnCx6l2
DBG 22107: compile check for ldsflagm () failed: gcc  -gstrict-dwarf -O2 -fPIC -Wall -Werror _mkltmpmSu9uc.c -o _mkltmpmSu9uc.c.o  -L/Users/denizhantoprak/Desktop/Nodejs-Kafka-Producer_Consumer/node_modules/node-rdkafka/build/deps -shared -Wl,-M_mkltmpnCx6l2: ld: unknown option: -M_mkltmpnCx6l2
clang: error: linker command failed with exit code 1 (use -v to see invocation)
DBG 22107: Setting ldsflagm (ldsflagm) status to failed (action ignore)
DBG 22107: Check ldsflagm (, action ignore (originally ignore)) failed: compile check failed:
CC: CC
flags: -shared -Wl,-M_mkltmpnCx6l2
gcc  -gstrict-dwarf -O2 -fPIC -Wall -Werror _mkltmpmSu9uc.c -o _mkltmpmSu9uc.c.o  -L/Users/denizhantoprak/Desktop/Nodejs-Kafka-Producer_Consumer/node_modules/node-rdkafka/build/deps -shared -Wl,-M_mkltmpnCx6l2:
ld: unknown option: -M_mkltmpnCx6l2
clang: error: linker command failed with exit code 1 (use -v to see invocation)
source: 
DBG 22107: Compile check __atomic_32 (HAVE_ATOMICS_32) (sub=0): gcc  -gstrict-dwarf -O2 -fPIC -Wall -Werror _mkltmpoW8ct4.c -o _mkltmpoW8ct4.c.o  -L/Users/denizhantoprak/Desktop/Nodejs-Kafka-Producer_Consumer/node_modules/node-rdkafka/build/deps 
DBG 22107: Setting __atomic_32 (__atomic_32) status to ok (action cont)
DBG 22107: Compile check __atomic_64 (HAVE_ATOMICS_64) (sub=0): gcc  -gstrict-dwarf -O2 -fPIC -Wall -Werror _mkltmp74BCuY.c -o _mkltmp74BCuY.c.o  -L/Users/denizhantoprak/Desktop/Nodejs-Kafka-Producer_Consumer/node_modules/node-rdkafka/build/deps 
DBG 22107: Setting __atomic_64 (__atomic_64) status to ok (action cont)
DBG 22107: Compile check socket () (sub=0): gcc  -gstrict-dwarf -O2 -fPIC -Wall -Wsign-compare -Wfloat-equal -Wpointer-arith -Wcast-align -Wall -Werror _mkltmpZz5TtO.c -o _mkltmpZz5TtO.c.o  -L/Users/denizhantoprak/Desktop/Nodejs-Kafka-Producer_Consumer/node_modules/node-rdkafka/build/deps 
DBG 22107: Setting socket (socket) status to ok (action cont)
DBG 22107: Setting parseversion (parseversion) status to ok (action cont)
DBG 22107: librt: Check for static library (libs -lrt, arfile variable STATIC_LIB_librt=, static filenames )
DBG 22107: Compile check librt () (sub=0): gcc  -gstrict-dwarf -O2 -fPIC -Wall -Wsign-compare -Wfloat-equal -Wpointer-arith -Wcast-align -Wall -Werror _mkltmpCNYJMh.c -o _mkltmpCNYJMh.c.o  -L/Users/denizhantoprak/Desktop/Nodejs-Kafka-Producer_Consumer/node_modules/node-rdkafka/build/deps -lrt
DBG 22107: compile check for librt () failed: gcc  -gstrict-dwarf -O2 -fPIC -Wall -Wsign-compare -Wfloat-equal -Wpointer-arith -Wcast-align -Wall -Werror _mkltmpCNYJMh.c -o _mkltmpCNYJMh.c.o  -L/Users/denizhantoprak/Desktop/Nodejs-Kafka-Producer_Consumer/node_modules/node-rdkafka/build/deps -lrt: ld: library not found for -lrt
clang: error: linker command failed with exit code 1 (use -v to see invocation)
DBG 22107: Setting librt (librt) status to failed (action cont)
DBG 22107: Check librt (, action cont (originally cont)) failed: compile check failed:
CC: CC
flags: -lrt
gcc  -gstrict-dwarf -O2 -fPIC -Wall -Wsign-compare -Wfloat-equal -Wpointer-arith -Wcast-align -Wall -Werror _mkltmpCNYJMh.c -o _mkltmpCNYJMh.c.o  -L/Users/denizhantoprak/Desktop/Nodejs-Kafka-Producer_Consumer/node_modules/node-rdkafka/build/deps -lrt:
ld: library not found for -lrt
clang: error: linker command failed with exit code 1 (use -v to see invocation)
source: 
DBG 22107: libpthread: Check for static library (libs -lpthread, arfile variable STATIC_LIB_libpthread=, static filenames )
DBG 22107: Compile check libpthread () (sub=0): gcc  -gstrict-dwarf -O2 -fPIC -Wall -Wsign-compare -Wfloat-equal -Wpointer-arith -Wcast-align -Wall -Werror _mkltmpFmOmYw.c -o _mkltmpFmOmYw.c.o  -L/Users/denizhantoprak/Desktop/Nodejs-Kafka-Producer_Consumer/node_modules/node-rdkafka/build/deps -lpthread
DBG 22107: Setting libpthread (libpthread) status to ok (action fail)
DBG 22107: libpthread: from lib_check: LIBS: prepend -lpthread
DBG 22107: c11threads: Check for static library (libs -lpthread, arfile variable STATIC_LIB_c11threads=, static filenames )
DBG 22107: Compile check c11threads (WITH_C11THREADS) (sub=0): gcc  -gstrict-dwarf -O2 -fPIC -Wall -Wsign-compare -Wfloat-equal -Wpointer-arith -Wcast-align -Wall -Werror _mkltmpYT96oQ.c -o _mkltmpYT96oQ.c.o  -L/Users/denizhantoprak/Desktop/Nodejs-Kafka-Producer_Consumer/node_modules/node-rdkafka/build/deps -lpthread
DBG 22107: compile check for c11threads (WITH_C11THREADS) failed: gcc  -gstrict-dwarf -O2 -fPIC -Wall -Wsign-compare -Wfloat-equal -Wpointer-arith -Wcast-align -Wall -Werror _mkltmpYT96oQ.c -o _mkltmpYT96oQ.c.o  -L/Users/denizhantoprak/Desktop/Nodejs-Kafka-Producer_Consumer/node_modules/node-rdkafka/build/deps -lpthread: _mkltmpYT96oQ.c:2:10: fatal error: 'threads.h' file not found
#include <threads.h>
         ^~~~~~~~~~~
1 error generated.
DBG 22107: Setting c11threads (c11threads) status to failed (action disable)
DBG 22107: Check c11threads (WITH_C11THREADS, action disable (originally disable)) failed: compile check failed:
CC: CC
flags: -lpthread
gcc  -gstrict-dwarf -O2 -fPIC -Wall -Wsign-compare -Wfloat-equal -Wpointer-arith -Wcast-align -Wall -Werror _mkltmpYT96oQ.c -o _mkltmpYT96oQ.c.o  -L/Users/denizhantoprak/Desktop/Nodejs-Kafka-Producer_Consumer/node_modules/node-rdkafka/build/deps -lpthread:
_mkltmpYT96oQ.c:2:10: fatal error: 'threads.h' file not found
#include <threads.h>
         ^~~~~~~~~~~
1 error generated.
source: 
#include <threads.h>


static int start_func (void *arg) {
   int iarg = *(int *)arg;
   return iarg;
}

void foo (void) {
    thrd_t thr;
    int arg = 1;
    if (thrd_create(&thr, start_func, (void *)&arg) != thrd_success) {
      ;
    }
}

DBG 22107: libdl: Check for static library (libs -ldl, arfile variable STATIC_LIB_libdl=, static filenames )
DBG 22107: Compile check libdl (WITH_LIBDL) (sub=0): gcc  -gstrict-dwarf -O2 -fPIC -Wall -Wsign-compare -Wfloat-equal -Wpointer-arith -Wcast-align -Wall -Werror _mkltmpVAVlJw.c -o _mkltmpVAVlJw.c.o  -L/Users/denizhantoprak/Desktop/Nodejs-Kafka-Producer_Consumer/node_modules/node-rdkafka/build/deps -ldl
DBG 22107: Setting libdl (libdl) status to ok (action disable)
DBG 22107: libdl: from lib_check: LIBS: prepend -ldl
DBG 22107: zlib: Check for static library (libs -lz, arfile variable STATIC_LIB_zlib=, static filenames libz.a)
DBG 22107: Compile check zlib (WITH_ZLIB) (sub=0): gcc  -gstrict-dwarf -O2 -fPIC -Wall -Wsign-compare -Wfloat-equal -Wpointer-arith -Wcast-align -Wall -Werror _mkltmpILCMw0.c -o _mkltmpILCMw0.c.o  -L/Users/denizhantoprak/Desktop/Nodejs-Kafka-Producer_Consumer/node_modules/node-rdkafka/build/deps -lz
DBG 22107: Setting zlib (zlib) status to ok (action disable)
DBG 22107: zlib: from lib_check: LIBS: prepend -lz
DBG 22107: libcrypto: Check for static library (libs -lcrypto, arfile variable STATIC_LIB_libcrypto=, static filenames libcrypto.a)
DBG 22107: Compile check libcrypto () (sub=0): gcc  -gstrict-dwarf -O2 -fPIC -Wall -Wsign-compare -Wfloat-equal -Wpointer-arith -Wcast-align -Wall -Werror _mkltmpraxxiA.c -o _mkltmpraxxiA.c.o  -L/Users/denizhantoprak/Desktop/Nodejs-Kafka-Producer_Consumer/node_modules/node-rdkafka/build/deps -lcrypto
DBG 22107: compile check for libcrypto () failed: gcc  -gstrict-dwarf -O2 -fPIC -Wall -Wsign-compare -Wfloat-equal -Wpointer-arith -Wcast-align -Wall -Werror _mkltmpraxxiA.c -o _mkltmpraxxiA.c.o  -L/Users/denizhantoprak/Desktop/Nodejs-Kafka-Producer_Consumer/node_modules/node-rdkafka/build/deps -lcrypto: _mkltmpraxxiA.c:2:10: fatal error: 'openssl/ssl.h' file not found
#include <openssl/ssl.h>
         ^~~~~~~~~~~~~~~
1 error generated.
DBG 22107: Setting libcrypto (libcrypto) status to failed (action disable)
DBG 22107: Check libcrypto (, action disable (originally disable)) failed: compile check failed:
CC: CC
flags: -lcrypto
gcc  -gstrict-dwarf -O2 -fPIC -Wall -Wsign-compare -Wfloat-equal -Wpointer-arith -Wcast-align -Wall -Werror _mkltmpraxxiA.c -o _mkltmpraxxiA.c.o  -L/Users/denizhantoprak/Desktop/Nodejs-Kafka-Producer_Consumer/node_modules/node-rdkafka/build/deps -lcrypto:
_mkltmpraxxiA.c:2:10: fatal error: 'openssl/ssl.h' file not found
#include <openssl/ssl.h>
         ^~~~~~~~~~~~~~~
1 error generated.
source: 
#include <openssl/ssl.h>
#include <openssl/evp.h>
#if OPENSSL_VERSION_NUMBER < 0x1000100fL
#error "Requires OpenSSL version >= v1.0.1"
#endif
DBG 22107: libsasl2: Check for static library (libs -lsasl2, arfile variable STATIC_LIB_libsasl2=, static filenames )
DBG 22107: Compile check libsasl2 (WITH_SASL_CYRUS) (sub=0): gcc  -gstrict-dwarf -O2 -fPIC -Wall -Wsign-compare -Wfloat-equal -Wpointer-arith -Wcast-align -Wall -Werror _mkltmpaD3C8d.c -o _mkltmpaD3C8d.c.o  -L/Users/denizhantoprak/Desktop/Nodejs-Kafka-Producer_Consumer/node_modules/node-rdkafka/build/deps -lsasl2
DBG 22107: Setting libsasl2 (libsasl2) status to ok (action disable)
DBG 22107: libsasl2: from lib_check: LIBS: prepend -lsasl2
DBG 22107: libzstd: Check for static library (libs -lzstd, arfile variable STATIC_LIB_libzstd=, static filenames libzstd.a)
DBG 22107: Compile check libzstd (WITH_ZSTD) (sub=0): gcc  -gstrict-dwarf -O2 -fPIC -Wall -Wsign-compare -Wfloat-equal -Wpointer-arith -Wcast-align -Wall -Werror _mkltmppUuw3G.c -o _mkltmppUuw3G.c.o  -L/Users/denizhantoprak/Desktop/Nodejs-Kafka-Producer_Consumer/node_modules/node-rdkafka/build/deps -lzstd
DBG 22107: compile check for libzstd (WITH_ZSTD) failed: gcc  -gstrict-dwarf -O2 -fPIC -Wall -Wsign-compare -Wfloat-equal -Wpointer-arith -Wcast-align -Wall -Werror _mkltmppUuw3G.c -o _mkltmppUuw3G.c.o  -L/Users/denizhantoprak/Desktop/Nodejs-Kafka-Producer_Consumer/node_modules/node-rdkafka/build/deps -lzstd: _mkltmppUuw3G.c:2:10: fatal error: 'zstd.h' file not found
#include <zstd.h>
         ^~~~~~~~
1 error generated.
DBG 22107: Setting libzstd (libzstd) status to failed (action disable)
DBG 22107: Check libzstd (WITH_ZSTD, action disable (originally disable)) failed: compile check failed:
CC: CC
flags: -lzstd
gcc  -gstrict-dwarf -O2 -fPIC -Wall -Wsign-compare -Wfloat-equal -Wpointer-arith -Wcast-align -Wall -Werror _mkltmppUuw3G.c -o _mkltmppUuw3G.c.o  -L/Users/denizhantoprak/Desktop/Nodejs-Kafka-Producer_Consumer/node_modules/node-rdkafka/build/deps -lzstd:
_mkltmppUuw3G.c:2:10: fatal error: 'zstd.h' file not found
#include <zstd.h>
         ^~~~~~~~
1 error generated.
source: 
#include <zstd.h>
#include <zstd_errors.h>

void foo (void) {
     ZSTD_getFrameContentSize(NULL, 0);
}

DBG 22107: libm: Check for static library (libs -lm, arfile variable STATIC_LIB_libm=, static filenames )
DBG 22107: Compile check libm () (sub=0): gcc  -gstrict-dwarf -O2 -fPIC -Wall -Wsign-compare -Wfloat-equal -Wpointer-arith -Wcast-align -Wall -Werror _mkltmpCiavGY.c -o _mkltmpCiavGY.c.o  -L/Users/denizhantoprak/Desktop/Nodejs-Kafka-Producer_Consumer/node_modules/node-rdkafka/build/deps -lm
DBG 22107: Setting libm (libm) status to ok (action disable)
DBG 22107: libm: from lib_check: LIBS: prepend -lm
DBG 22107: liblz4: Check for static library (libs -llz4, arfile variable STATIC_LIB_liblz4=, static filenames liblz4.a)
DBG 22107: Compile check liblz4 (WITH_LZ4_EXT) (sub=0): gcc  -gstrict-dwarf -O2 -fPIC -Wall -Wsign-compare -Wfloat-equal -Wpointer-arith -Wcast-align -Wall -Werror _mkltmpMIrxEg.c -o _mkltmpMIrxEg.c.o  -L/Users/denizhantoprak/Desktop/Nodejs-Kafka-Producer_Consumer/node_modules/node-rdkafka/build/deps -llz4
DBG 22107: compile check for liblz4 (WITH_LZ4_EXT) failed: gcc  -gstrict-dwarf -O2 -fPIC -Wall -Wsign-compare -Wfloat-equal -Wpointer-arith -Wcast-align -Wall -Werror _mkltmpMIrxEg.c -o _mkltmpMIrxEg.c.o  -L/Users/denizhantoprak/Desktop/Nodejs-Kafka-Producer_Consumer/node_modules/node-rdkafka/build/deps -llz4: _mkltmpMIrxEg.c:1:10: fatal error: 'lz4frame.h' file not found
#include <lz4frame.h>
         ^~~~~~~~~~~~
1 error generated.
DBG 22107: Setting liblz4 (liblz4) status to failed (action disable)
DBG 22107: Check liblz4 (WITH_LZ4_EXT, action disable (originally disable)) failed: compile check failed:
CC: CC
flags: -llz4
gcc  -gstrict-dwarf -O2 -fPIC -Wall -Wsign-compare -Wfloat-equal -Wpointer-arith -Wcast-align -Wall -Werror _mkltmpMIrxEg.c -o _mkltmpMIrxEg.c.o  -L/Users/denizhantoprak/Desktop/Nodejs-Kafka-Producer_Consumer/node_modules/node-rdkafka/build/deps -llz4:
_mkltmpMIrxEg.c:1:10: fatal error: 'lz4frame.h' file not found
#include <lz4frame.h>
         ^~~~~~~~~~~~
1 error generated.
source: #include <lz4frame.h>
DBG 22107: Compile check syslog (WITH_SYSLOG) (sub=0): gcc  -gstrict-dwarf -O2 -fPIC -Wall -Wsign-compare -Wfloat-equal -Wpointer-arith -Wcast-align -Wall -Werror _mkltmpxRHxWU.c -o _mkltmpxRHxWU.c.o  -L/Users/denizhantoprak/Desktop/Nodejs-Kafka-Producer_Consumer/node_modules/node-rdkafka/build/deps 
DBG 22107: Setting syslog (syslog) status to ok (action disable)
DBG 22107: Compile check rapidjson (WITH_RAPIDJSON) (sub=0): g++  -gstrict-dwarf -O2 -fPIC -Wall -Wsign-compare -Wfloat-equal -Wpointer-arith -Wcast-align -Wall -Werror _mkltmpsDeW2L.cpp -o _mkltmpsDeW2L.cpp.o  -L/Users/denizhantoprak/Desktop/Nodejs-Kafka-Producer_Consumer/node_modules/node-rdkafka/build/deps 
DBG 22107: compile check for rapidjson (WITH_RAPIDJSON) failed: g++  -gstrict-dwarf -O2 -fPIC -Wall -Wsign-compare -Wfloat-equal -Wpointer-arith -Wcast-align -Wall -Werror _mkltmpsDeW2L.cpp -o _mkltmpsDeW2L.cpp.o  -L/Users/denizhantoprak/Desktop/Nodejs-Kafka-Producer_Consumer/node_modules/node-rdkafka/build/deps : _mkltmpsDeW2L.cpp:1:10: fatal error: 'rapidjson/schema.h' file not found
#include <rapidjson/schema.h>
         ^~~~~~~~~~~~~~~~~~~~
1 error generated.
DBG 22107: Setting rapidjson (rapidjson) status to failed (action disable)
DBG 22107: Check rapidjson (WITH_RAPIDJSON, action disable (originally disable)) failed: compile check failed:
CC: CXX
flags: 
g++  -gstrict-dwarf -O2 -fPIC -Wall -Wsign-compare -Wfloat-equal -Wpointer-arith -Wcast-align -Wall -Werror _mkltmpsDeW2L.cpp -o _mkltmpsDeW2L.cpp.o  -L/Users/denizhantoprak/Desktop/Nodejs-Kafka-Producer_Consumer/node_modules/node-rdkafka/build/deps :
_mkltmpsDeW2L.cpp:1:10: fatal error: 'rapidjson/schema.h' file not found
#include <rapidjson/schema.h>
         ^~~~~~~~~~~~~~~~~~~~
1 error generated.
source: #include <rapidjson/schema.h>
DBG 22107: Compile check crc32chw (WITH_CRC32C_HW) (sub=0): gcc  -gstrict-dwarf -O2 -fPIC -Wall -Wsign-compare -Wfloat-equal -Wpointer-arith -Wcast-align -Wall -Werror _mkltmpzBsBLw.c -o _mkltmpzBsBLw.c.o  -L/Users/denizhantoprak/Desktop/Nodejs-Kafka-Producer_Consumer/node_modules/node-rdkafka/build/deps 
DBG 22107: Setting crc32chw (crc32chw) status to ok (action disable)
DBG 22107: Compile check regex (HAVE_REGEX) (sub=0): gcc  -gstrict-dwarf -O2 -fPIC -Wall -Wsign-compare -Wfloat-equal -Wpointer-arith -Wcast-align -Wall -Werror _mkltmps5fi2L.c -o _mkltmps5fi2L.c.o  -L/Users/denizhantoprak/Desktop/Nodejs-Kafka-Producer_Consumer/node_modules/node-rdkafka/build/deps 
DBG 22107: Setting regex (regex) status to ok (action disable)
DBG 22107: Compile check rand_r (HAVE_RAND_R) (sub=0): gcc  -gstrict-dwarf -O2 -fPIC -Wall -Wsign-compare -Wfloat-equal -Wpointer-arith -Wcast-align -Wall -Werror _mkltmpYGwsSu.c -o _mkltmpYGwsSu.c.o  -L/Users/denizhantoprak/Desktop/Nodejs-Kafka-Producer_Consumer/node_modules/node-rdkafka/build/deps 
DBG 22107: Setting rand_r (rand_r) status to ok (action disable)
DBG 22107: Compile check strndup (HAVE_STRNDUP) (sub=0): gcc  -gstrict-dwarf -O2 -fPIC -Wall -Wsign-compare -Wfloat-equal -Wpointer-arith -Wcast-align -Wall -Werror _mkltmpqFhlZH.c -o _mkltmpqFhlZH.c.o  -L/Users/denizhantoprak/Desktop/Nodejs-Kafka-Producer_Consumer/node_modules/node-rdkafka/build/deps 
DBG 22107: Setting strndup (strndup) status to ok (action disable)
DBG 22107: Compile check strlcpy (HAVE_STRLCPY) (sub=0): gcc  -gstrict-dwarf -O2 -fPIC -Wall -Wsign-compare -Wfloat-equal -Wpointer-arith -Wcast-align -Wall -Werror _mkltmpeyd7fJ.c -o _mkltmpeyd7fJ.c.o  -L/Users/denizhantoprak/Desktop/Nodejs-Kafka-Producer_Consumer/node_modules/node-rdkafka/build/deps 
DBG 22107: Setting strlcpy (strlcpy) status to ok (action disable)
DBG 22107: Compile check strerror_r (HAVE_STRERROR_R) (sub=0): gcc  -gstrict-dwarf -O2 -fPIC -Wall -Wsign-compare -Wfloat-equal -Wpointer-arith -Wcast-align -Wall -Werror _mkltmpOHWMOc.c -o _mkltmpOHWMOc.c.o  -L/Users/denizhantoprak/Desktop/Nodejs-Kafka-Producer_Consumer/node_modules/node-rdkafka/build/deps 
DBG 22107: Setting strerror_r (strerror_r) status to ok (action disable)
DBG 22107: Compile check strcasestr (HAVE_STRCASESTR) (sub=0): gcc  -gstrict-dwarf -O2 -fPIC -Wall -Wsign-compare -Wfloat-equal -Wpointer-arith -Wcast-align -Wall -Werror _mkltmpJeGykM.c -o _mkltmpJeGykM.c.o  -L/Users/denizhantoprak/Desktop/Nodejs-Kafka-Producer_Consumer/node_modules/node-rdkafka/build/deps 
DBG 22107: Setting strcasestr (strcasestr) status to ok (action disable)
DBG 22107: Compile check pthread_setname_gnu (HAVE_PTHREAD_SETNAME_GNU) (sub=0): gcc  -gstrict-dwarf -O2 -fPIC -Wall -Wsign-compare -Wfloat-equal -Wpointer-arith -Wcast-align -Wall -Werror _mkltmpfJFBm4.c -o _mkltmpfJFBm4.c.o  -L/Users/denizhantoprak/Desktop/Nodejs-Kafka-Producer_Consumer/node_modules/node-rdkafka/build/deps -D_GNU_SOURCE -lpthread
DBG 22107: compile check for pthread_setname_gnu (HAVE_PTHREAD_SETNAME_GNU) failed: gcc  -gstrict-dwarf -O2 -fPIC -Wall -Wsign-compare -Wfloat-equal -Wpointer-arith -Wcast-align -Wall -Werror _mkltmpfJFBm4.c -o _mkltmpfJFBm4.c.o  -L/Users/denizhantoprak/Desktop/Nodejs-Kafka-Producer_Consumer/node_modules/node-rdkafka/build/deps -D_GNU_SOURCE -lpthread: _mkltmpfJFBm4.c:5:38: error: too many arguments to function call, expected 1, have 2
  pthread_setname_np(pthread_self(), "abc");
  ~~~~~~~~~~~~~~~~~~                 ^~~~~
/Applications/Xcode.app/Contents/Developer/Platforms/MacOSX.platform/Developer/SDKs/MacOSX.sdk/usr/include/pthread.h:510:5: note: 'pthread_setname_np' declared here
int     pthread_setname_np(const char*);
        ^
1 error generated.
DBG 22107: Setting pthread_setname_gnu (pthread_setname_gnu) status to failed (action disable)
DBG 22107: Check pthread_setname_gnu (HAVE_PTHREAD_SETNAME_GNU, action disable (originally disable)) failed: compile check failed:
CC: CC
flags: -D_GNU_SOURCE -lpthread
gcc  -gstrict-dwarf -O2 -fPIC -Wall -Wsign-compare -Wfloat-equal -Wpointer-arith -Wcast-align -Wall -Werror _mkltmpfJFBm4.c -o _mkltmpfJFBm4.c.o  -L/Users/denizhantoprak/Desktop/Nodejs-Kafka-Producer_Consumer/node_modules/node-rdkafka/build/deps -D_GNU_SOURCE -lpthread:
_mkltmpfJFBm4.c:5:38: error: too many arguments to function call, expected 1, have 2
  pthread_setname_np(pthread_self(), "abc");
  ~~~~~~~~~~~~~~~~~~                 ^~~~~
/Applications/Xcode.app/Contents/Developer/Platforms/MacOSX.platform/Developer/SDKs/MacOSX.sdk/usr/include/pthread.h:510:5: note: 'pthread_setname_np' declared here
int     pthread_setname_np(const char*);
        ^
1 error generated.
source: 
#include <pthread.h>

void foo (void) {
  pthread_setname_np(pthread_self(), "abc");
}

DBG 22107: Compile check pthread_setname_darwin (HAVE_PTHREAD_SETNAME_DARWIN) (sub=0): gcc  -gstrict-dwarf -O2 -fPIC -Wall -Wsign-compare -Wfloat-equal -Wpointer-arith -Wcast-align -Wall -Werror _mkltmp54qzUk.c -o _mkltmp54qzUk.c.o  -L/Users/denizhantoprak/Desktop/Nodejs-Kafka-Producer_Consumer/node_modules/node-rdkafka/build/deps -D_DARWIN_C_SOURCE -lpthread
DBG 22107: Setting pthread_setname_darwin (pthread_setname_darwin) status to ok (action disable)
DBG 22107: Setting nm (nm) status to ok (action cont)
DBG 22107: Compile check getrusage (HAVE_GETRUSAGE) (sub=0): gcc  -gstrict-dwarf -O2 -fPIC -Wall -Wsign-compare -Wfloat-equal -Wpointer-arith -Wcast-align -Wall -Werror _mkltmpk2t5hJ.c -o _mkltmpk2t5hJ.c.o  -L/Users/denizhantoprak/Desktop/Nodejs-Kafka-Producer_Consumer/node_modules/node-rdkafka/build/deps 
DBG 22107: Setting getrusage (getrusage) status to ok (action disable)
